<?xml version="1.0" encoding="UTF-8"?>
<!-- Generated by org.testng.reporters.JUnitReportReporter -->
<testsuite hostname="Sarvesh" failures="0" tests="1" name="Capstone.Axis_Capstone.TestCaseExecution" time="25.752" errors="0" timestamp="18 Jun 2023 20:53:36 GMT" skipped="0">
  <testcase classname="Capstone.Axis_Capstone.TestCaseExecution" name="Scenarios" time="25.752"/>
</testsuite> <!-- Capstone.Axis_Capstone.TestCaseExecution -->
