<?xml version="1.0" encoding="UTF-8"?>
<!-- Generated by org.testng.reporters.JUnitReportReporter -->
<testsuite hostname="Sarvesh" failures="0" tests="1" name="Capstone.Axis_Capstone.TC6" time="8.314" errors="0" timestamp="19 Jun 2023 13:57:43 GMT" skipped="0">
  <testcase classname="Capstone.Axis_Capstone.TC6" name="Scenarios" time="8.314"/>
</testsuite> <!-- Capstone.Axis_Capstone.TC6 -->
