<?xml version="1.0" encoding="UTF-8"?>
<!-- Generated by org.testng.reporters.JUnitReportReporter -->
<testsuite hostname="Sarvesh" failures="0" tests="1" name="Capstone.Axis_Capstone.TC5" time="44.751" errors="0" timestamp="19 Jun 2023 13:57:43 GMT" skipped="0">
  <testcase classname="Capstone.Axis_Capstone.TC5" name="Scenarios" time="44.751"/>
</testsuite> <!-- Capstone.Axis_Capstone.TC5 -->
