<?xml version="1.0" encoding="UTF-8"?>
<!-- Generated by org.testng.reporters.JUnitReportReporter -->
<testsuite hostname="Sarvesh" failures="0" tests="2" name="gridexecution.Testgrid6" time="32.169" errors="0" timestamp="20 Jun 2023 09:52:09 GMT" skipped="0">
  <testcase classname="gridexecution.Testgrid6" name="test6" time="16.486"/>
  <testcase classname="gridexecution.Testgrid6" name="test6" time="15.683"/>
</testsuite> <!-- gridexecution.Testgrid6 -->
