<?xml version="1.0" encoding="UTF-8"?>
<!-- Generated by org.testng.reporters.JUnitReportReporter -->
<testsuite hostname="Sarvesh" failures="0" tests="1" name="Capstone.Axis_Capstone.TestC3" time="4.371" errors="0" timestamp="20 Jun 2023 07:32:37 GMT" skipped="0">
  <testcase classname="Capstone.Axis_Capstone.TestC3" name="Scenarios" time="4.371"/>
</testsuite> <!-- Capstone.Axis_Capstone.TestC3 -->
