<?xml version="1.0" encoding="UTF-8"?>
<!-- Generated by org.testng.reporters.JUnitReportReporter -->
<testsuite hostname="Sarvesh" failures="0" tests="2" name="gridexecution.Testgrid5" time="97.936" errors="0" timestamp="20 Jun 2023 09:52:09 GMT" skipped="0">
  <testcase classname="gridexecution.Testgrid5" name="test5" time="49.149"/>
  <testcase classname="gridexecution.Testgrid5" name="test5" time="48.787"/>
</testsuite> <!-- gridexecution.Testgrid5 -->
