<?xml version="1.0" encoding="UTF-8"?>
<!-- Generated by org.testng.reporters.JUnitReportReporter -->
<testsuite hostname="Sarvesh" failures="0" tests="1" name="Capstone.Axis_Capstone.TestC2" time="11.671" errors="0" timestamp="20 Jun 2023 07:11:37 GMT" skipped="0">
  <testcase classname="Capstone.Axis_Capstone.TestC2" name="Scenarios" time="11.671"/>
</testsuite> <!-- Capstone.Axis_Capstone.TestC2 -->
