<?xml version="1.0" encoding="UTF-8"?>
<!-- Generated by org.testng.reporters.JUnitReportReporter -->
<testsuite hostname="Sarvesh" failures="0" tests="2" name="gridexecution.Testgrid3" time="12.819" errors="0" timestamp="20 Jun 2023 09:52:09 GMT" skipped="0">
  <testcase classname="gridexecution.Testgrid3" name="test3" time="5.507"/>
  <testcase classname="gridexecution.Testgrid3" name="test3" time="7.312"/>
</testsuite> <!-- gridexecution.Testgrid3 -->
