<?xml version="1.0" encoding="UTF-8"?>
<!-- Generated by org.testng.reporters.JUnitReportReporter -->
<testsuite hostname="Sarvesh" failures="0" tests="1" name="Capstone.Axis_Capstone.TestC5" time="50.851" errors="0" timestamp="20 Jun 2023 07:05:55 GMT" skipped="0">
  <testcase classname="Capstone.Axis_Capstone.TestC5" name="Scenarios" time="50.851"/>
</testsuite> <!-- Capstone.Axis_Capstone.TestC5 -->
