<?xml version="1.0" encoding="UTF-8"?>
<!-- Generated by org.testng.reporters.JUnitReportReporter -->
<testsuite hostname="Sarvesh" failures="0" tests="1" name="Capstone.Axis_Capstone.TC3" time="4.070" errors="0" timestamp="19 Jun 2023 13:57:43 GMT" skipped="0">
  <testcase classname="Capstone.Axis_Capstone.TC3" name="Scenarios" time="4.070"/>
</testsuite> <!-- Capstone.Axis_Capstone.TC3 -->
