<?xml version="1.0" encoding="UTF-8"?>
<!-- Generated by org.testng.reporters.JUnitReportReporter -->
<testsuite hostname="Sarvesh" failures="0" tests="2" name="gridexecution.Testgrid1" time="87.579" errors="0" timestamp="20 Jun 2023 09:52:09 GMT" skipped="0">
  <testcase classname="gridexecution.Testgrid1" name="test1" time="45.080"/>
  <testcase classname="gridexecution.Testgrid1" name="test1" time="42.499"/>
</testsuite> <!-- gridexecution.Testgrid1 -->
