<?xml version="1.0" encoding="UTF-8"?>
<!-- Generated by org.testng.reporters.JUnitReportReporter -->
<testsuite hostname="Sarvesh" failures="0" tests="1" name="Capstone.Axis_Capstone.TestC6" time="11.975" errors="0" timestamp="20 Jun 2023 09:41:53 GMT" skipped="0">
  <testcase classname="Capstone.Axis_Capstone.TestC6" name="Scenarios" time="11.975"/>
</testsuite> <!-- Capstone.Axis_Capstone.TestC6 -->
