<?xml version="1.0" encoding="UTF-8"?>
<!-- Generated by org.testng.reporters.JUnitReportReporter -->
<testsuite hostname="Sarvesh" failures="0" tests="2" name="gridexecution.Testgrid2" time="35.416" errors="0" timestamp="20 Jun 2023 09:52:09 GMT" skipped="0">
  <testcase classname="gridexecution.Testgrid2" name="test2" time="14.885"/>
  <testcase classname="gridexecution.Testgrid2" name="test2" time="20.531"/>
</testsuite> <!-- gridexecution.Testgrid2 -->
