<?xml version="1.0" encoding="UTF-8"?>
<!-- Generated by org.testng.reporters.JUnitReportReporter -->
<testsuite hostname="Sarvesh" failures="0" tests="2" name="gridexecution.Testgrid4" time="42.623" errors="0" timestamp="20 Jun 2023 09:52:09 GMT" skipped="0">
  <testcase classname="gridexecution.Testgrid4" name="test4" time="21.270"/>
  <testcase classname="gridexecution.Testgrid4" name="test4" time="21.353"/>
</testsuite> <!-- gridexecution.Testgrid4 -->
