<?xml version="1.0" encoding="UTF-8"?>
<!-- Generated by org.testng.reporters.JUnitReportReporter -->
<testsuite hostname="Sarvesh" failures="0" tests="2" name="gridexecution.Testgrid" time="71.038" errors="0" timestamp="20 Jun 2023 04:29:42 GMT" skipped="0">
  <testcase classname="gridexecution.Testgrid" name="test1" time="37.583"/>
  <testcase classname="gridexecution.Testgrid" name="test1" time="33.455"/>
</testsuite> <!-- gridexecution.Testgrid -->
