<?xml version="1.0" encoding="UTF-8"?>
<!-- Generated by org.testng.reporters.JUnitReportReporter -->
<testsuite hostname="Sarvesh" failures="0" tests="2" name="gridexecution.Testgrid1" time="54.798" errors="0" timestamp="20 Jun 2023 05:14:07 GMT" skipped="0">
  <testcase classname="gridexecution.Testgrid1" name="test1" time="25.206"/>
  <testcase classname="gridexecution.Testgrid1" name="test1" time="29.592"/>
</testsuite> <!-- gridexecution.Testgrid1 -->
